23:38:20.875 INFO [main] org.lenskit.cli.Main: Starting LensKit 3.0-M1 on Java 1.8.0_111 from Oracle Corporation
23:38:20.961 DEBUG [main] org.lenskit.LenskitInfo: have 5573 active revisions
23:38:20.980 DEBUG [main] org.lenskit.cli.Main: Built from Git revision c0210fa3281ef8b15b0959bcd5fced43c5fec38a
23:38:20.980 DEBUG [main] org.lenskit.cli.Main: Using VM 'Java HotSpot(TM) 64-Bit Server VM' version 25.111-b14 from Oracle Corporation
23:38:20.980 INFO [main] org.lenskit.cli.Main: Have 4 processors and heap limit of 1696 MiB
23:38:21.013 INFO [main] org.lenskit.cli.util.RecommenderLoader: creating fresh recommender
23:38:21.872 INFO [main] org.lenskit.config.ConfigurationLoader: loading script from file:/C:/Users/Nivetha/Desktop/Akash/nonpers-assignment/etc/lift-assoc.groovy
23:38:23.390 DEBUG [main] org.lenskit.data.dao.file.TextEntitySource: loading source ratings with base URI file:/C:/Users/Nivetha/Desktop/Akash/nonpers-assignment/data/movielens.yml
23:38:23.390 DEBUG [main] org.lenskit.data.dao.file.TextEntitySource: resolved file URI: file:/C:/Users/Nivetha/Desktop/Akash/nonpers-assignment/data/ratings.csv
23:38:23.419 INFO [main] org.lenskit.data.dao.file.TextEntitySource: loading text file source ratings to read from file:/C:/Users/Nivetha/Desktop/Akash/nonpers-assignment/data/ratings.csv
23:38:23.440 DEBUG [main] org.lenskit.data.dao.file.TextEntitySource: ratings: using delimiter ,
23:38:23.441 DEBUG [main] org.lenskit.data.dao.file.TextEntitySource: ratings: reading header
23:38:23.441 DEBUG [main] org.lenskit.data.dao.file.TextEntitySource: ratings: reading entities of type EntityType[rating]
23:38:23.541 DEBUG [main] org.lenskit.data.dao.file.TextEntitySource: class org.lenskit.data.ratings.RatingBuilder: using entity builder {}
23:38:23.541 DEBUG [main] org.lenskit.data.dao.file.TextEntitySource: loading source movies with base URI file:/C:/Users/Nivetha/Desktop/Akash/nonpers-assignment/data/movielens.yml
23:38:23.541 DEBUG [main] org.lenskit.data.dao.file.TextEntitySource: resolved file URI: file:/C:/Users/Nivetha/Desktop/Akash/nonpers-assignment/data/movies.csv
23:38:23.541 INFO [main] org.lenskit.data.dao.file.TextEntitySource: loading text file source movies to read from file:/C:/Users/Nivetha/Desktop/Akash/nonpers-assignment/data/movies.csv
23:38:23.541 DEBUG [main] org.lenskit.data.dao.file.TextEntitySource: movies: using delimiter ,
23:38:23.541 DEBUG [main] org.lenskit.data.dao.file.TextEntitySource: movies: reading header
23:38:23.541 DEBUG [main] org.lenskit.data.dao.file.TextEntitySource: movies: reading entities of type EntityType[item]
23:38:23.551 DEBUG [main] org.lenskit.data.dao.file.TextEntitySource: class org.lenskit.data.entities.BasicEntityBuilder: using entity builder {}
23:38:23.552 DEBUG [main] org.lenskit.data.dao.file.TextEntitySource: loading source tags with base URI file:/C:/Users/Nivetha/Desktop/Akash/nonpers-assignment/data/movielens.yml
23:38:23.553 DEBUG [main] org.lenskit.data.dao.file.TextEntitySource: resolved file URI: file:/C:/Users/Nivetha/Desktop/Akash/nonpers-assignment/data/tags.csv
23:38:23.553 INFO [main] org.lenskit.data.dao.file.TextEntitySource: loading text file source tags to read from file:/C:/Users/Nivetha/Desktop/Akash/nonpers-assignment/data/tags.csv
23:38:23.553 DEBUG [main] org.lenskit.data.dao.file.TextEntitySource: tags: using delimiter ,
23:38:23.553 DEBUG [main] org.lenskit.data.dao.file.TextEntitySource: tags: reading header
23:38:23.553 DEBUG [main] org.lenskit.data.dao.file.TextEntitySource: tags: reading entities of type EntityType[item-tag]
23:38:23.553 DEBUG [main] org.lenskit.data.dao.file.TextEntitySource: class org.lenskit.data.entities.BasicEntityBuilder: using entity builder {}
23:38:23.568 DEBUG [main] org.lenskit.LenskitRecommenderEngineBuilder: building graph from 3 configurations
23:38:23.793 DEBUG [main] org.lenskit.inject.RecommenderInstantiator: replacing nodes in graph with 9 nodes
23:38:23.802 DEBUG [main] org.lenskit.inject.RecommenderInstantiator: found 5 shared nodes
23:38:26.221 INFO [main] org.lenskit.data.dao.file.StaticDataSource: deriving entity type EntityType[user] from EntityType[rating] (column TypedName[user: long])
23:38:26.465 INFO [main] org.lenskit.data.dao.file.StaticDataSource: deriving entity type EntityType[item] from EntityType[rating] (column TypedName[item: long])
23:38:26.615 DEBUG [main] org.lenskit.data.entities.EntityCollectionBuilder: built collection of 2500 entities with type EntityType[item] and 2 indexes
23:38:26.676 DEBUG [main] org.lenskit.data.entities.EntityCollectionBuilder: built collection of 264505 entities with type EntityType[rating] and 2 indexes
23:38:26.695 DEBUG [main] org.lenskit.data.entities.EntityCollectionBuilder: built collection of 94875 entities with type EntityType[item-tag] and 2 indexes
23:38:26.711 DEBUG [main] org.lenskit.data.entities.EntityCollectionBuilder: built collection of 862 entities with type EntityType[user] and 2 indexes
23:39:03.337 DEBUG [main] org.lenskit.mooc.nonpers.assoc.AssociationModel: transforming input map for 2500 items into log data
23:39:03.934 DEBUG [main] org.lenskit.inject.RecommenderInstantiator: final graph has 9 nodes
23:39:03.935 INFO [main] org.lenskit.cli.util.RecommenderLoader: built recommender in 40.37 s
23:39:03.935 INFO [main] org.lenskit.cli.commands.GlobalRecommend: using 1 reference items: [2761]
23:39:04.122 INFO [main] org.lenskit.cli.commands.GlobalRecommend: recommended in 173.4 ms
23:39:04.123 INFO [main] org.lenskit.cli.Main: If you use LensKit in published research, please see http://lenskit.org/research/
